{"C:\\Applic\\Server\\DBNode-4.0.0-beta-3\\htdocs\\__Projects\\xassist\\submodules\\xassist-dom\\dist\\xAssist-dom.js":{"path":"C:\\Applic\\Server\\DBNode-4.0.0-beta-3\\htdocs\\__Projects\\xassist\\submodules\\xassist-dom\\dist\\xAssist-dom.js","s":{"1":1,"2":1,"3":1,"4":2,"5":1,"6":14,"7":1,"8":3,"9":3,"10":2,"11":2,"12":7,"13":1,"14":1,"15":2,"16":2,"17":1,"18":1,"19":1,"20":1,"21":3,"22":3,"23":12,"24":12,"25":3,"26":2,"27":1,"28":1,"29":0,"30":1,"31":1,"32":3,"33":0,"34":0,"35":0,"36":0,"37":0,"38":1,"39":1,"40":1,"41":0,"42":0,"43":1,"44":1,"45":1},"b":{"1":[1,0],"2":[1,1],"3":[0,0],"4":[0,0],"5":[0,0],"6":[1,1],"7":[1,1],"8":[2,2,2],"9":[0,2],"10":[0,1],"11":[0,3]},"f":{"1":1,"2":1,"3":2,"4":14,"5":3,"6":2,"7":7,"8":1,"9":2,"10":1,"11":3,"12":2,"13":1,"14":0,"15":0},"fnMap":{"1":{"name":"(anonymous_1)","line":7,"loc":{"start":{"line":7,"column":1},"end":{"line":7,"column":28}}},"2":{"name":"(anonymous_2)","line":11,"loc":{"start":{"line":11,"column":9},"end":{"line":11,"column":28}}},"3":{"name":"dom","line":13,"loc":{"start":{"line":13,"column":0},"end":{"line":13,"column":15}}},"4":{"name":"XaDOMelement","line":16,"loc":{"start":{"line":16,"column":0},"end":{"line":16,"column":24}}},"5":{"name":"(anonymous_5)","line":22,"loc":{"start":{"line":22,"column":10},"end":{"line":22,"column":21}}},"6":{"name":"(anonymous_6)","line":26,"loc":{"start":{"line":26,"column":13},"end":{"line":26,"column":24}}},"7":{"name":"(anonymous_7)","line":30,"loc":{"start":{"line":30,"column":10},"end":{"line":30,"column":21}}},"8":{"name":"(anonymous_8)","line":33,"loc":{"start":{"line":33,"column":14},"end":{"line":33,"column":27}}},"9":{"name":"(anonymous_9)","line":37,"loc":{"start":{"line":37,"column":13},"end":{"line":37,"column":26}}},"10":{"name":"(anonymous_10)","line":46,"loc":{"start":{"line":46,"column":6},"end":{"line":46,"column":19}}},"11":{"name":"(anonymous_11)","line":50,"loc":{"start":{"line":50,"column":9},"end":{"line":50,"column":19}}},"12":{"name":"(anonymous_12)","line":59,"loc":{"start":{"line":59,"column":11},"end":{"line":59,"column":21}}},"13":{"name":"(anonymous_13)","line":63,"loc":{"start":{"line":63,"column":17},"end":{"line":63,"column":28}}},"14":{"name":"(anonymous_14)","line":82,"loc":{"start":{"line":82,"column":31},"end":{"line":82,"column":45}}},"15":{"name":"(anonymous_15)","line":97,"loc":{"start":{"line":97,"column":30},"end":{"line":97,"column":44}}}},"statementMap":{"1":{"start":{"line":7,"column":0},"end":{"line":109,"column":5}},"2":{"start":{"line":8,"column":1},"end":{"line":10,"column":42}},"3":{"start":{"line":13,"column":0},"end":{"line":15,"column":1}},"4":{"start":{"line":14,"column":0},"end":{"line":14,"column":27}},"5":{"start":{"line":16,"column":0},"end":{"line":18,"column":1}},"6":{"start":{"line":17,"column":0},"end":{"line":17,"column":9}},"7":{"start":{"line":21,"column":0},"end":{"line":103,"column":2}},"8":{"start":{"line":23,"column":2},"end":{"line":23,"column":44}},"9":{"start":{"line":24,"column":2},"end":{"line":24,"column":14}},"10":{"start":{"line":27,"column":2},"end":{"line":27,"column":92}},"11":{"start":{"line":28,"column":2},"end":{"line":28,"column":14}},"12":{"start":{"line":31,"column":2},"end":{"line":31,"column":70}},"13":{"start":{"line":34,"column":2},"end":{"line":34,"column":90}},"14":{"start":{"line":35,"column":2},"end":{"line":35,"column":14}},"15":{"start":{"line":38,"column":2},"end":{"line":38,"column":53}},"16":{"start":{"line":39,"column":2},"end":{"line":44,"column":3}},"17":{"start":{"line":40,"column":3},"end":{"line":40,"column":27}},"18":{"start":{"line":43,"column":3},"end":{"line":43,"column":30}},"19":{"start":{"line":47,"column":2},"end":{"line":47,"column":27}},"20":{"start":{"line":48,"column":2},"end":{"line":48,"column":14}},"21":{"start":{"line":51,"column":2},"end":{"line":52,"column":13}},"22":{"start":{"line":53,"column":2},"end":{"line":56,"column":3}},"23":{"start":{"line":54,"column":3},"end":{"line":54,"column":35}},"24":{"start":{"line":55,"column":3},"end":{"line":55,"column":22}},"25":{"start":{"line":57,"column":2},"end":{"line":57,"column":11}},"26":{"start":{"line":61,"column":2},"end":{"line":61,"column":140}},"27":{"start":{"line":65,"column":2},"end":{"line":68,"column":17}},"28":{"start":{"line":69,"column":2},"end":{"line":72,"column":3}},"29":{"start":{"line":71,"column":3},"end":{"line":71,"column":41}},"30":{"start":{"line":73,"column":2},"end":{"line":73,"column":31}},"31":{"start":{"line":74,"column":2},"end":{"line":93,"column":3}},"32":{"start":{"line":79,"column":3},"end":{"line":91,"column":4}},"33":{"start":{"line":80,"column":4},"end":{"line":80,"column":33}},"34":{"start":{"line":82,"column":4},"end":{"line":86,"column":7}},"35":{"start":{"line":83,"column":5},"end":{"line":83,"column":52}},"36":{"start":{"line":84,"column":5},"end":{"line":84,"column":54}},"37":{"start":{"line":89,"column":4},"end":{"line":89,"column":23}},"38":{"start":{"line":94,"column":2},"end":{"line":94,"column":38}},"39":{"start":{"line":95,"column":2},"end":{"line":95,"column":22}},"40":{"start":{"line":96,"column":2},"end":{"line":100,"column":3}},"41":{"start":{"line":97,"column":3},"end":{"line":99,"column":6}},"42":{"start":{"line":98,"column":4},"end":{"line":98,"column":54}},"43":{"start":{"line":101,"column":2},"end":{"line":101,"column":13}},"44":{"start":{"line":105,"column":0},"end":{"line":105,"column":18}},"45":{"start":{"line":107,"column":0},"end":{"line":107,"column":62}}},"branchMap":{"1":{"line":8,"type":"cond-expr","locations":[{"start":{"line":8,"column":64},"end":{"line":8,"column":80}},{"start":{"line":9,"column":1},"end":{"line":10,"column":41}}]},"2":{"line":8,"type":"binary-expr","locations":[{"start":{"line":8,"column":1},"end":{"line":8,"column":28}},{"start":{"line":8,"column":32},"end":{"line":8,"column":61}}]},"3":{"line":9,"type":"cond-expr","locations":[{"start":{"line":9,"column":46},"end":{"line":9,"column":74}},{"start":{"line":10,"column":2},"end":{"line":10,"column":40}}]},"4":{"line":9,"type":"binary-expr","locations":[{"start":{"line":9,"column":1},"end":{"line":9,"column":29}},{"start":{"line":9,"column":33},"end":{"line":9,"column":43}}]},"5":{"line":10,"type":"binary-expr","locations":[{"start":{"line":10,"column":23},"end":{"line":10,"column":32}},{"start":{"line":10,"column":36},"end":{"line":10,"column":38}}]},"6":{"line":38,"type":"cond-expr","locations":[{"start":{"line":38,"column":30},"end":{"line":38,"column":47}},{"start":{"line":38,"column":48},"end":{"line":38,"column":51}}]},"7":{"line":39,"type":"if","locations":[{"start":{"line":39,"column":2},"end":{"line":39,"column":2}},{"start":{"line":39,"column":2},"end":{"line":39,"column":2}}]},"8":{"line":61,"type":"binary-expr","locations":[{"start":{"line":61,"column":13},"end":{"line":61,"column":31}},{"start":{"line":61,"column":35},"end":{"line":61,"column":54}},{"start":{"line":61,"column":59},"end":{"line":61,"column":137}}]},"9":{"line":61,"type":"cond-expr","locations":[{"start":{"line":61,"column":102},"end":{"line":61,"column":106}},{"start":{"line":61,"column":107},"end":{"line":61,"column":137}}]},"10":{"line":69,"type":"if","locations":[{"start":{"line":69,"column":2},"end":{"line":69,"column":2}},{"start":{"line":69,"column":2},"end":{"line":69,"column":2}}]},"11":{"line":79,"type":"if","locations":[{"start":{"line":79,"column":3},"end":{"line":79,"column":3}},{"start":{"line":79,"column":3},"end":{"line":79,"column":3}}]}}}}