TN:
SF:C:\Applic\Server\DBNode-4.0.0-beta-3\htdocs\__Projects\xassist\submodules\xassist-dom\dist\xAssist-dom.js
FN:7,(anonymous_1)
FN:11,(anonymous_2)
FN:13,dom
FN:16,XaDOMelement
FN:22,(anonymous_5)
FN:26,(anonymous_6)
FN:30,(anonymous_7)
FN:33,(anonymous_8)
FN:37,(anonymous_9)
FN:46,(anonymous_10)
FN:50,(anonymous_11)
FN:59,(anonymous_12)
FN:63,(anonymous_13)
FN:82,(anonymous_14)
FN:97,(anonymous_15)
FNF:15
FNH:13
FNDA:1,(anonymous_1)
FNDA:1,(anonymous_2)
FNDA:2,dom
FNDA:14,XaDOMelement
FNDA:3,(anonymous_5)
FNDA:2,(anonymous_6)
FNDA:7,(anonymous_7)
FNDA:1,(anonymous_8)
FNDA:2,(anonymous_9)
FNDA:1,(anonymous_10)
FNDA:3,(anonymous_11)
FNDA:2,(anonymous_12)
FNDA:1,(anonymous_13)
FNDA:0,(anonymous_14)
FNDA:0,(anonymous_15)
DA:7,1
DA:8,1
DA:13,1
DA:14,2
DA:16,1
DA:17,14
DA:21,1
DA:23,3
DA:24,3
DA:27,2
DA:28,2
DA:31,7
DA:34,1
DA:35,1
DA:38,2
DA:39,2
DA:40,1
DA:43,1
DA:47,1
DA:48,1
DA:51,3
DA:53,3
DA:54,12
DA:55,12
DA:57,3
DA:61,2
DA:65,1
DA:69,1
DA:71,0
DA:73,1
DA:74,1
DA:79,3
DA:80,0
DA:82,0
DA:83,0
DA:84,0
DA:89,0
DA:94,1
DA:95,1
DA:96,1
DA:97,0
DA:98,0
DA:101,1
DA:105,1
DA:107,1
LF:45
LH:37
BRDA:8,1,0,1
BRDA:8,1,1,0
BRDA:8,2,0,1
BRDA:8,2,1,1
BRDA:9,3,0,0
BRDA:9,3,1,0
BRDA:9,4,0,0
BRDA:9,4,1,0
BRDA:10,5,0,0
BRDA:10,5,1,0
BRDA:38,6,0,1
BRDA:38,6,1,1
BRDA:39,7,0,1
BRDA:39,7,1,1
BRDA:61,8,0,2
BRDA:61,8,1,2
BRDA:61,8,2,2
BRDA:61,9,0,0
BRDA:61,9,1,2
BRDA:69,10,0,0
BRDA:69,10,1,1
BRDA:79,11,0,0
BRDA:79,11,1,3
BRF:23
BRH:13
end_of_record
